[debug] [2018-01-31T05:30:05.299Z] ----------------------------------------------------------------------
[debug] [2018-01-31T05:30:05.301Z] Command:       C:\Program Files\nodejs\node.exe C:\Users\James\AppData\Roaming\npm\node_modules\firebase-tools\bin\firebase serve
[debug] [2018-01-31T05:30:05.301Z] CLI Version:   3.17.3
[debug] [2018-01-31T05:30:05.301Z] Platform:      win32
[debug] [2018-01-31T05:30:05.301Z] Node Version:  v8.9.3
[debug] [2018-01-31T05:30:05.302Z] Time:          Tue Jan 30 2018 22:30:05 GMT-0700 (Mountain Standard Time)
[debug] [2018-01-31T05:30:05.302Z] ----------------------------------------------------------------------
[debug] 
[debug] [2018-01-31T05:30:05.312Z] > command requires scopes: ["email","openid","https://www.googleapis.com/auth/cloudplatformprojects.readonly","https://www.googleapis.com/auth/firebase","https://www.googleapis.com/auth/cloud-platform"]
[debug] [2018-01-31T05:30:05.313Z] > authorizing via signed-in user
[debug] [2018-01-31T05:30:05.314Z] >>> HTTP REQUEST GET https://admin.firebase.com/v1/projects/beacon-1515553602130  
  
 Tue Jan 30 2018 22:30:05 GMT-0700 (Mountain Standard Time)
[debug] [2018-01-31T05:30:05.808Z] <<< HTTP RESPONSE 200
[debug] [2018-01-31T05:30:05.810Z] >>> HTTP REQUEST GET https://admin.firebase.com/v1/database/beacon-1515553602130/tokens  
  
 Tue Jan 30 2018 22:30:05 GMT-0700 (Mountain Standard Time)
[debug] [2018-01-31T05:30:06.502Z] <<< HTTP RESPONSE 200
[info] 
[info] === Serving from 'Z:\Users\James\Desktop\Projects\Beacon'...
[info] 
[debug] [2018-01-31T05:30:06.507Z] >>> HTTP REQUEST GET https://cloudresourcemanager.googleapis.com/v1/projects/beacon-1515553602130  
  
 Tue Jan 30 2018 22:30:06 GMT-0700 (Mountain Standard Time)
[debug] [2018-01-31T05:30:06.821Z] <<< HTTP RESPONSE 200
[debug] [2018-01-31T05:30:06.822Z] >>> HTTP REQUEST GET https://mobilesdk-pa.googleapis.com/v1/projects/1063690751671/clients/_:getWebAppConfig  
  
 Tue Jan 30 2018 22:30:06 GMT-0700 (Mountain Standard Time)
[debug] [2018-01-31T05:30:07.286Z] <<< HTTP RESPONSE 200
[info] i  hosting: Serving hosting files from: build/es5-bundled
[info] +  hosting: Local server: http://localhost:5000

